# JRE version: Java(TM) SE Runtime Environment (8.0_152-b05) (build 1.8.0_152-ea-b05)
# Java VM: Java HotSpot(TM) 64-Bit Server VM (25.152-b05 mixed mode bsd-amd64 compressed oops)
Heap:
 PSYoungGen      total 38400K, used 25199K [0x0000000795580000, 0x000000079a080000, 0x00000007c0000000)
  eden space 33280K, 75% used [0x0000000795580000,0x0000000796e1bca0,0x0000000797600000)
  from space 5120K, 0% used [0x0000000797600000,0x0000000797600000,0x0000000797b00000)
  to   space 5120K, 0% used [0x0000000799b80000,0x0000000799b80000,0x000000079a080000)
 ParOldGen       total 62464K, used 13327K [0x0000000740000000, 0x0000000743d00000, 0x0000000795580000)
  object space 62464K, 21% used [0x0000000740000000,0x0000000740d03f28,0x0000000743d00000)
 Metaspace       used 25066K, capacity 26024K, committed 26240K, reserved 1071104K
  class space    used 3476K, capacity 3709K, committed 3712K, reserved 1048576K
GC Heap History (8 events):
Event: 1.079 GC heap before
{Heap before GC invocations=1 (full 0):
 PSYoungGen      total 38400K, used 33280K [0x0000000795580000, 0x0000000798000000, 0x00000007c0000000)
  eden space 33280K, 100% used [0x0000000795580000,0x0000000797600000,0x0000000797600000)
  from space 5120K, 0% used [0x0000000797b00000,0x0000000797b00000,0x0000000798000000)
  to   space 5120K, 0% used [0x0000000797600000,0x0000000797600000,0x0000000797b00000)
 ParOldGen       total 87552K, used 0K [0x0000000740000000, 0x0000000745580000, 0x0000000795580000)
  object space 87552K, 0% used [0x0000000740000000,0x0000000740000000,0x0000000745580000)
 Metaspace       used 11957K, capacity 12298K, committed 12544K, reserved 1060864K
  class space    used 1554K, capacity 1696K, committed 1792K, reserved 1048576K
Event: 1.085 GC heap after
Heap after GC invocations=1 (full 0):
 PSYoungGen      total 38400K, used 5114K [0x0000000795580000, 0x0000000798000000, 0x00000007c0000000)
  eden space 33280K, 0% used [0x0000000795580000,0x0000000795580000,0x0000000797600000)
  from space 5120K, 99% used [0x0000000797600000,0x0000000797afe910,0x0000000797b00000)
  to   space 5120K, 0% used [0x0000000797b00000,0x0000000797b00000,0x0000000798000000)
 ParOldGen       total 87552K, used 1860K [0x0000000740000000, 0x0000000745580000, 0x0000000795580000)
  object space 87552K, 2% used [0x0000000740000000,0x00000007401d1080,0x0000000745580000)
 Metaspace       used 11957K, capacity 12298K, committed 12544K, reserved 1060864K
  class space    used 1554K, capacity 1696K, committed 1792K, reserved 1048576K
}
Event: 1.817 GC heap before
{Heap before GC invocations=2 (full 0):
 PSYoungGen      total 38400K, used 38394K [0x0000000795580000, 0x0000000798000000, 0x00000007c0000000)
  eden space 33280K, 100% used [0x0000000795580000,0x0000000797600000,0x0000000797600000)
  from space 5120K, 99% used [0x0000000797600000,0x0000000797afe910,0x0000000797b00000)
  to   space 5120K, 0% used [0x0000000797b00000,0x0000000797b00000,0x0000000798000000)
 ParOldGen       total 87552K, used 1860K [0x0000000740000000, 0x0000000745580000, 0x0000000795580000)
  object space 87552K, 2% used [0x0000000740000000,0x00000007401d1080,0x0000000745580000)
 Metaspace       used 17886K, capacity 18546K, committed 18688K, reserved 1064960K
  class space    used 2638K, capacity 2802K, committed 2816K, reserved 1048576K
Event: 1.862 GC heap after
Heap after GC invocations=2 (full 0):
 PSYoungGen      total 38400K, used 5114K [0x0000000795580000, 0x000000079a080000, 0x00000007c0000000)
  eden space 33280K, 0% used [0x0000000795580000,0x0000000795580000,0x0000000797600000)
  from space 5120K, 99% used [0x0000000797b00000,0x0000000797ffe920,0x0000000798000000)
  to   space 5120K, 0% used [0x0000000797600000,0x0000000797600000,0x0000000797b00000)
 ParOldGen       total 87552K, used 7947K [0x0000000740000000, 0x0000000745580000, 0x0000000795580000)
  object space 87552K, 9% used [0x0000000740000000,0x00000007407c2cc8,0x0000000745580000)
 Metaspace       used 17886K, capacity 18546K, committed 18688K, reserved 1064960K
  class space    used 2638K, capacity 2802K, committed 2816K, reserved 1048576K
}
Event: 10.522 GC heap before
{Heap before GC invocations=3 (full 0):
 PSYoungGen      total 38400K, used 21116K [0x0000000795580000, 0x000000079a080000, 0x00000007c0000000)
  eden space 33280K, 48% used [0x0000000795580000,0x0000000796520958,0x0000000797600000)
  from space 5120K, 99% used [0x0000000797b00000,0x0000000797ffe920,0x0000000798000000)
  to   space 5120K, 0% used [0x0000000797600000,0x0000000797600000,0x0000000797b00000)
 ParOldGen       total 87552K, used 7947K [0x0000000740000000, 0x0000000745580000, 0x0000000795580000)
  object space 87552K, 9% used [0x0000000740000000,0x00000007407c2cc8,0x0000000745580000)
 Metaspace       used 20487K, capacity 21218K, committed 21248K, reserved 1067008K
  class space    used 2869K, capacity 3042K, committed 3072K, reserved 1048576K
Event: 10.538 GC heap after
Heap after GC invocations=3 (full 0):
 PSYoungGen      total 38400K, used 3728K [0x0000000795580000, 0x000000079a080000, 0x00000007c0000000)
  eden space 33280K, 0% used [0x0000000795580000,0x0000000795580000,0x0000000797600000)
  from space 5120K, 72% used [0x0000000797600000,0x00000007979a4040,0x0000000797b00000)
  to   space 5120K, 0% used [0x0000000799b80000,0x0000000799b80000,0x000000079a080000)
 ParOldGen       total 87552K, used 17165K [0x0000000740000000, 0x0000000745580000, 0x0000000795580000)
  object space 87552K, 19% used [0x0000000740000000,0x00000007410c35e8,0x0000000745580000)
 Metaspace       used 20487K, capacity 21218K, committed 21248K, reserved 1067008K
  class space    used 2869K, capacity 3042K, committed 3072K, reserved 1048576K
}
Event: 10.538 GC heap before
{Heap before GC invocations=4 (full 1):
 PSYoungGen      total 38400K, used 3728K [0x0000000795580000, 0x000000079a080000, 0x00000007c0000000)
  eden space 33280K, 0% used [0x0000000795580000,0x0000000795580000,0x0000000797600000)
  from space 5120K, 72% used [0x0000000797600000,0x00000007979a4040,0x0000000797b00000)
  to   space 5120K, 0% used [0x0000000799b80000,0x0000000799b80000,0x000000079a080000)
 ParOldGen       total 87552K, used 17165K [0x0000000740000000, 0x0000000745580000, 0x0000000795580000)
  object space 87552K, 19% used [0x0000000740000000,0x00000007410c35e8,0x0000000745580000)
 Metaspace       used 20487K, capacity 21218K, committed 21248K, reserved 1067008K
  class space    used 2869K, capacity 3042K, committed 3072K, reserved 1048576K
Event: 10.567 GC heap after
Heap after GC invocations=4 (full 1):
 PSYoungGen      total 38400K, used 0K [0x0000000795580000, 0x000000079a080000, 0x00000007c0000000)
  eden space 33280K, 0% used [0x0000000795580000,0x0000000795580000,0x0000000797600000)
  from space 5120K, 0% used [0x0000000797600000,0x0000000797600000,0x0000000797b00000)
  to   space 5120K, 0% used [0x0000000799b80000,0x0000000799b80000,0x000000079a080000)
 ParOldGen       total 62464K, used 13327K [0x0000000740000000, 0x0000000743d00000, 0x0000000795580000)
  object space 62464K, 21% used [0x0000000740000000,0x0000000740d03f28,0x0000000743d00000)
 Metaspace       used 20487K, capacity 21218K, committed 21248K, reserved 1067008K
  class space    used 2869K, capacity 3042K, committed 3072K, reserved 1048576K
}

