# JRE version: Java(TM) SE Runtime Environment (8.0_152-b05) (build 1.8.0_152-ea-b05)
# Java VM: Java HotSpot(TM) 64-Bit Server VM (25.152-b05 mixed mode bsd-amd64 compressed oops)
Heap:
 PSYoungGen      total 64512K, used 11290K [0x0000000795580000, 0x0000000799d00000, 0x00000007c0000000)
  eden space 62976K, 15% used [0x0000000795580000,0x0000000795f0aba0,0x0000000799300000)
  from space 1536K, 98% used [0x0000000799b80000,0x0000000799cfc010,0x0000000799d00000)
  to   space 5120K, 0% used [0x0000000799300000,0x0000000799300000,0x0000000799800000)
 ParOldGen       total 61952K, used 14010K [0x0000000740000000, 0x0000000743c80000, 0x0000000795580000)
  object space 61952K, 22% used [0x0000000740000000,0x0000000740dae9c8,0x0000000743c80000)
 Metaspace       used 25030K, capacity 25968K, committed 26112K, reserved 1071104K
  class space    used 3472K, capacity 3731K, committed 3840K, reserved 1048576K
GC Heap History (10 events):
Event: 1.098 GC heap before
{Heap before GC invocations=1 (full 0):
 PSYoungGen      total 38400K, used 33280K [0x0000000795580000, 0x0000000798000000, 0x00000007c0000000)
  eden space 33280K, 100% used [0x0000000795580000,0x0000000797600000,0x0000000797600000)
  from space 5120K, 0% used [0x0000000797b00000,0x0000000797b00000,0x0000000798000000)
  to   space 5120K, 0% used [0x0000000797600000,0x0000000797600000,0x0000000797b00000)
 ParOldGen       total 87552K, used 0K [0x0000000740000000, 0x0000000745580000, 0x0000000795580000)
  object space 87552K, 0% used [0x0000000740000000,0x0000000740000000,0x0000000745580000)
 Metaspace       used 11986K, capacity 12426K, committed 12800K, reserved 1060864K
  class space    used 1555K, capacity 1696K, committed 1792K, reserved 1048576K
Event: 1.104 GC heap after
Heap after GC invocations=1 (full 0):
 PSYoungGen      total 38400K, used 5098K [0x0000000795580000, 0x0000000798000000, 0x00000007c0000000)
  eden space 33280K, 0% used [0x0000000795580000,0x0000000795580000,0x0000000797600000)
  from space 5120K, 99% used [0x0000000797600000,0x0000000797afa930,0x0000000797b00000)
  to   space 5120K, 0% used [0x0000000797b00000,0x0000000797b00000,0x0000000798000000)
 ParOldGen       total 87552K, used 1887K [0x0000000740000000, 0x0000000745580000, 0x0000000795580000)
  object space 87552K, 2% used [0x0000000740000000,0x00000007401d7d48,0x0000000745580000)
 Metaspace       used 11986K, capacity 12426K, committed 12800K, reserved 1060864K
  class space    used 1555K, capacity 1696K, committed 1792K, reserved 1048576K
}
Event: 1.902 GC heap before
{Heap before GC invocations=2 (full 0):
 PSYoungGen      total 38400K, used 38378K [0x0000000795580000, 0x0000000798000000, 0x00000007c0000000)
  eden space 33280K, 100% used [0x0000000795580000,0x0000000797600000,0x0000000797600000)
  from space 5120K, 99% used [0x0000000797600000,0x0000000797afa930,0x0000000797b00000)
  to   space 5120K, 0% used [0x0000000797b00000,0x0000000797b00000,0x0000000798000000)
 ParOldGen       total 87552K, used 1887K [0x0000000740000000, 0x0000000745580000, 0x0000000795580000)
  object space 87552K, 2% used [0x0000000740000000,0x00000007401d7d48,0x0000000745580000)
 Metaspace       used 17942K, capacity 18610K, committed 18688K, reserved 1064960K
  class space    used 2642K, capacity 2802K, committed 2816K, reserved 1048576K
Event: 1.934 GC heap after
Heap after GC invocations=2 (full 0):
 PSYoungGen      total 38400K, used 5114K [0x0000000795580000, 0x000000079a080000, 0x00000007c0000000)
  eden space 33280K, 0% used [0x0000000795580000,0x0000000795580000,0x0000000797600000)
  from space 5120K, 99% used [0x0000000797b00000,0x0000000797ffe950,0x0000000798000000)
  to   space 5120K, 0% used [0x0000000797600000,0x0000000797600000,0x0000000797b00000)
 ParOldGen       total 87552K, used 8100K [0x0000000740000000, 0x0000000745580000, 0x0000000795580000)
  object space 87552K, 9% used [0x0000000740000000,0x00000007407e9058,0x0000000745580000)
 Metaspace       used 17942K, capacity 18610K, committed 18688K, reserved 1064960K
  class space    used 2642K, capacity 2802K, committed 2816K, reserved 1048576K
}
Event: 23.726 GC heap before
{Heap before GC invocations=3 (full 0):
 PSYoungGen      total 38400K, used 32675K [0x0000000795580000, 0x000000079a080000, 0x00000007c0000000)
  eden space 33280K, 82% used [0x0000000795580000,0x000000079706a3d0,0x0000000797600000)
  from space 5120K, 99% used [0x0000000797b00000,0x0000000797ffe950,0x0000000798000000)
  to   space 5120K, 0% used [0x0000000797600000,0x0000000797600000,0x0000000797b00000)
 ParOldGen       total 87552K, used 8100K [0x0000000740000000, 0x0000000745580000, 0x0000000795580000)
  object space 87552K, 9% used [0x0000000740000000,0x00000007407e9058,0x0000000745580000)
 Metaspace       used 20480K, capacity 21220K, committed 21248K, reserved 1067008K
  class space    used 2835K, capacity 3063K, committed 3072K, reserved 1048576K
Event: 23.733 GC heap after
Heap after GC invocations=3 (full 0):
 PSYoungGen      total 38400K, used 3808K [0x0000000795580000, 0x000000079a080000, 0x00000007c0000000)
  eden space 33280K, 0% used [0x0000000795580000,0x0000000795580000,0x0000000797600000)
  from space 5120K, 74% used [0x0000000797600000,0x00000007979b8060,0x0000000797b00000)
  to   space 5120K, 0% used [0x0000000799b80000,0x0000000799b80000,0x000000079a080000)
 ParOldGen       total 87552K, used 17318K [0x0000000740000000, 0x0000000745580000, 0x0000000795580000)
  object space 87552K, 19% used [0x0000000740000000,0x00000007410e9978,0x0000000745580000)
 Metaspace       used 20480K, capacity 21220K, committed 21248K, reserved 1067008K
  class space    used 2835K, capacity 3063K, committed 3072K, reserved 1048576K
}
Event: 23.733 GC heap before
{Heap before GC invocations=4 (full 1):
 PSYoungGen      total 38400K, used 3808K [0x0000000795580000, 0x000000079a080000, 0x00000007c0000000)
  eden space 33280K, 0% used [0x0000000795580000,0x0000000795580000,0x0000000797600000)
  from space 5120K, 74% used [0x0000000797600000,0x00000007979b8060,0x0000000797b00000)
  to   space 5120K, 0% used [0x0000000799b80000,0x0000000799b80000,0x000000079a080000)
 ParOldGen       total 87552K, used 17318K [0x0000000740000000, 0x0000000745580000, 0x0000000795580000)
  object space 87552K, 19% used [0x0000000740000000,0x00000007410e9978,0x0000000745580000)
 Metaspace       used 20480K, capacity 21220K, committed 21248K, reserved 1067008K
  class space    used 2835K, capacity 3063K, committed 3072K, reserved 1048576K
Event: 23.765 GC heap after
Heap after GC invocations=4 (full 1):
 PSYoungGen      total 38400K, used 0K [0x0000000795580000, 0x000000079a080000, 0x00000007c0000000)
  eden space 33280K, 0% used [0x0000000795580000,0x0000000795580000,0x0000000797600000)
  from space 5120K, 0% used [0x0000000797600000,0x0000000797600000,0x0000000797b00000)
  to   space 5120K, 0% used [0x0000000799b80000,0x0000000799b80000,0x000000079a080000)
 ParOldGen       total 61952K, used 14002K [0x0000000740000000, 0x0000000743c80000, 0x0000000795580000)
  object space 61952K, 22% used [0x0000000740000000,0x0000000740dac9c8,0x0000000743c80000)
 Metaspace       used 20480K, capacity 21220K, committed 21248K, reserved 1067008K
  class space    used 2835K, capacity 3063K, committed 3072K, reserved 1048576K
}
Event: 207.144 GC heap before
{Heap before GC invocations=5 (full 1):
 PSYoungGen      total 38400K, used 33280K [0x0000000795580000, 0x000000079a080000, 0x00000007c0000000)
  eden space 33280K, 100% used [0x0000000795580000,0x0000000797600000,0x0000000797600000)
  from space 5120K, 0% used [0x0000000797600000,0x0000000797600000,0x0000000797b00000)
  to   space 5120K, 0% used [0x0000000799b80000,0x0000000799b80000,0x000000079a080000)
 ParOldGen       total 61952K, used 14002K [0x0000000740000000, 0x0000000743c80000, 0x0000000795580000)
  object space 61952K, 22% used [0x0000000740000000,0x0000000740dac9c8,0x0000000743c80000)
 Metaspace       used 24976K, capacity 25846K, committed 25984K, reserved 1071104K
  class space    used 3467K, capacity 3692K, committed 3712K, reserved 1048576K
Event: 207.148 GC heap after
Heap after GC invocations=5 (full 1):
 PSYoungGen      total 64512K, used 1520K [0x0000000795580000, 0x0000000799d00000, 0x00000007c0000000)
  eden space 62976K, 0% used [0x0000000795580000,0x0000000795580000,0x0000000799300000)
  from space 1536K, 98% used [0x0000000799b80000,0x0000000799cfc010,0x0000000799d00000)
  to   space 5120K, 0% used [0x0000000799300000,0x0000000799300000,0x0000000799800000)
 ParOldGen       total 61952K, used 14010K [0x0000000740000000, 0x0000000743c80000, 0x0000000795580000)
  object space 61952K, 22% used [0x0000000740000000,0x0000000740dae9c8,0x0000000743c80000)
 Metaspace       used 24976K, capacity 25846K, committed 25984K, reserved 1071104K
  class space    used 3467K, capacity 3692K, committed 3712K, reserved 1048576K
}

